<?xml version="1.0" encoding="UTF-8"?>
<testsuite xmlns:xsi="http://www.w3.org/2001/XMLSchema-instance" xsi:noNamespaceSchemaLocation="https://maven.apache.org/surefire/maven-surefire-plugin/xsd/surefire-test-report.xsd" name="com.camunda.academy.AppTest" time="0.032" tests="1" errors="0" skipped="0" failures="0">
  <properties>
    <property name="java.specification.version" value="21"/>
    <property name="sun.jnu.encoding" value="UTF-8"/>
    <property name="java.class.path" value="/Users/matheussantos/Desktop/Estudos/Notes/Camunda/c8-getting-started-microservice-orchestration-lab/target/test-classes:/Users/matheussantos/Desktop/Estudos/Notes/Camunda/c8-getting-started-microservice-orchestration-lab/target/classes:/Users/matheussantos/.m2/repository/junit/junit/4.11/junit-4.11.jar:/Users/matheussantos/.m2/repository/org/hamcrest/hamcrest-core/1.3/hamcrest-core-1.3.jar:/Users/matheussantos/.m2/repository/io/camunda/zeebe-client-java/8.3.0/zeebe-client-java-8.3.0.jar:/Users/matheussantos/.m2/repository/io/camunda/zeebe-bpmn-model/8.3.0/zeebe-bpmn-model-8.3.0.jar:/Users/matheussantos/.m2/repository/org/camunda/bpm/model/camunda-xml-model/7.19.0/camunda-xml-model-7.19.0.jar:/Users/matheussantos/.m2/repository/com/fasterxml/jackson/core/jackson-core/2.15.2/jackson-core-2.15.2.jar:/Users/matheussantos/.m2/repository/com/fasterxml/jackson/core/jackson-databind/2.15.2/jackson-databind-2.15.2.jar:/Users/matheussantos/.m2/repository/com/fasterxml/jackson/core/jackson-annotations/2.15.2/jackson-annotations-2.15.2.jar:/Users/matheussantos/.m2/repository/io/camunda/zeebe-gateway-protocol-impl/8.3.0/zeebe-gateway-protocol-impl-8.3.0.jar:/Users/matheussantos/.m2/repository/io/grpc/grpc-protobuf/1.58.0/grpc-protobuf-1.58.0.jar:/Users/matheussantos/.m2/repository/com/google/api/grpc/proto-google-common-protos/2.22.0/proto-google-common-protos-2.22.0.jar:/Users/matheussantos/.m2/repository/io/grpc/grpc-protobuf-lite/1.58.0/grpc-protobuf-lite-1.58.0.jar:/Users/matheussantos/.m2/repository/com/google/guava/guava/32.1.2-jre/guava-32.1.2-jre.jar:/Users/matheussantos/.m2/repository/com/google/guava/failureaccess/1.0.1/failureaccess-1.0.1.jar:/Users/matheussantos/.m2/repository/com/google/guava/listenablefuture/9999.0-empty-to-avoid-conflict-with-guava/listenablefuture-9999.0-empty-to-avoid-conflict-with-guava.jar:/Users/matheussantos/.m2/repository/org/checkerframework/checker-qual/3.33.0/checker-qual-3.33.0.jar:/Users/matheussantos/.m2/repository/com/google/j2objc/j2objc-annotations/2.8/j2objc-annotations-2.8.jar:/Users/matheussantos/.m2/repository/org/slf4j/slf4j-api/2.0.9/slf4j-api-2.0.9.jar:/Users/matheussantos/.m2/repository/io/grpc/grpc-stub/1.58.0/grpc-stub-1.58.0.jar:/Users/matheussantos/.m2/repository/com/google/errorprone/error_prone_annotations/2.20.0/error_prone_annotations-2.20.0.jar:/Users/matheussantos/.m2/repository/io/grpc/grpc-core/1.58.0/grpc-core-1.58.0.jar:/Users/matheussantos/.m2/repository/com/google/code/gson/gson/2.10.1/gson-2.10.1.jar:/Users/matheussantos/.m2/repository/com/google/android/annotations/4.1.1.4/annotations-4.1.1.4.jar:/Users/matheussantos/.m2/repository/org/codehaus/mojo/animal-sniffer-annotations/1.23/animal-sniffer-annotations-1.23.jar:/Users/matheussantos/.m2/repository/io/perfmark/perfmark-api/0.26.0/perfmark-api-0.26.0.jar:/Users/matheussantos/.m2/repository/io/grpc/grpc-context/1.58.0/grpc-context-1.58.0.jar:/Users/matheussantos/.m2/repository/io/grpc/grpc-api/1.58.0/grpc-api-1.58.0.jar:/Users/matheussantos/.m2/repository/com/google/code/findbugs/jsr305/3.0.2/jsr305-3.0.2.jar:/Users/matheussantos/.m2/repository/io/grpc/grpc-netty/1.58.0/grpc-netty-1.58.0.jar:/Users/matheussantos/.m2/repository/io/netty/netty-codec-http2/4.1.93.Final/netty-codec-http2-4.1.93.Final.jar:/Users/matheussantos/.m2/repository/io/netty/netty-codec-http/4.1.93.Final/netty-codec-http-4.1.93.Final.jar:/Users/matheussantos/.m2/repository/io/netty/netty-handler-proxy/4.1.93.Final/netty-handler-proxy-4.1.93.Final.jar:/Users/matheussantos/.m2/repository/io/netty/netty-codec-socks/4.1.93.Final/netty-codec-socks-4.1.93.Final.jar:/Users/matheussantos/.m2/repository/io/netty/netty-transport-native-unix-common/4.1.93.Final/netty-transport-native-unix-common-4.1.93.Final.jar:/Users/matheussantos/.m2/repository/io/grpc/grpc-util/1.58.0/grpc-util-1.58.0.jar:/Users/matheussantos/.m2/repository/com/google/protobuf/protobuf-java/3.24.3/protobuf-java-3.24.3.jar:/Users/matheussantos/.m2/repository/io/netty/netty-tcnative-boringssl-static/2.0.61.Final/netty-tcnative-boringssl-static-2.0.61.Final.jar:/Users/matheussantos/.m2/repository/io/netty/netty-tcnative-classes/2.0.61.Final/netty-tcnative-classes-2.0.61.Final.jar:/Users/matheussantos/.m2/repository/io/netty/netty-tcnative-boringssl-static/2.0.61.Final/netty-tcnative-boringssl-static-2.0.61.Final-linux-x86_64.jar:/Users/matheussantos/.m2/repository/io/netty/netty-tcnative-boringssl-static/2.0.61.Final/netty-tcnative-boringssl-static-2.0.61.Final-linux-aarch_64.jar:/Users/matheussantos/.m2/repository/io/netty/netty-tcnative-boringssl-static/2.0.61.Final/netty-tcnative-boringssl-static-2.0.61.Final-osx-x86_64.jar:/Users/matheussantos/.m2/repository/io/netty/netty-tcnative-boringssl-static/2.0.61.Final/netty-tcnative-boringssl-static-2.0.61.Final-osx-aarch_64.jar:/Users/matheussantos/.m2/repository/io/netty/netty-tcnative-boringssl-static/2.0.61.Final/netty-tcnative-boringssl-static-2.0.61.Final-windows-x86_64.jar:/Users/matheussantos/.m2/repository/io/netty/netty-handler/4.1.98.Final/netty-handler-4.1.98.Final.jar:/Users/matheussantos/.m2/repository/io/netty/netty-resolver/4.1.98.Final/netty-resolver-4.1.98.Final.jar:/Users/matheussantos/.m2/repository/io/netty/netty-buffer/4.1.98.Final/netty-buffer-4.1.98.Final.jar:/Users/matheussantos/.m2/repository/io/netty/netty-transport/4.1.98.Final/netty-transport-4.1.98.Final.jar:/Users/matheussantos/.m2/repository/io/netty/netty-codec/4.1.98.Final/netty-codec-4.1.98.Final.jar:/Users/matheussantos/.m2/repository/io/netty/netty-common/4.1.98.Final/netty-common-4.1.98.Final.jar:/Users/matheussantos/.m2/repository/com/fasterxml/jackson/dataformat/jackson-dataformat-yaml/2.15.2/jackson-dataformat-yaml-2.15.2.jar:/Users/matheussantos/.m2/repository/org/yaml/snakeyaml/2.0/snakeyaml-2.0.jar:"/>
    <property name="java.vm.vendor" value="Homebrew"/>
    <property name="sun.arch.data.model" value="64"/>
    <property name="java.vendor.url" value="https://github.com/Homebrew/homebrew-core/issues"/>
    <property name="os.name" value="Mac OS X"/>
    <property name="java.vm.specification.version" value="21"/>
    <property name="sun.java.launcher" value="SUN_STANDARD"/>
    <property name="user.country" value="BR"/>
    <property name="sun.boot.library.path" value="/opt/homebrew/Cellar/openjdk/21.0.2/libexec/openjdk.jdk/Contents/Home/lib"/>
    <property name="sun.java.command" value="/Users/matheussantos/Desktop/Estudos/Notes/Camunda/c8-getting-started-microservice-orchestration-lab/target/surefire/surefirebooter11806800416717693799.jar /Users/matheussantos/Desktop/Estudos/Notes/Camunda/c8-getting-started-microservice-orchestration-lab/target/surefire 2024-05-23T08-27-42_119-jvmRun1 surefire17255054124813547974tmp surefire_04920060498820960135tmp"/>
    <property name="http.nonProxyHosts" value="local|*.local|169.254/16|*.169.254/16"/>
    <property name="jdk.debug" value="release"/>
    <property name="surefire.test.class.path" value="/Users/matheussantos/Desktop/Estudos/Notes/Camunda/c8-getting-started-microservice-orchestration-lab/target/test-classes:/Users/matheussantos/Desktop/Estudos/Notes/Camunda/c8-getting-started-microservice-orchestration-lab/target/classes:/Users/matheussantos/.m2/repository/junit/junit/4.11/junit-4.11.jar:/Users/matheussantos/.m2/repository/org/hamcrest/hamcrest-core/1.3/hamcrest-core-1.3.jar:/Users/matheussantos/.m2/repository/io/camunda/zeebe-client-java/8.3.0/zeebe-client-java-8.3.0.jar:/Users/matheussantos/.m2/repository/io/camunda/zeebe-bpmn-model/8.3.0/zeebe-bpmn-model-8.3.0.jar:/Users/matheussantos/.m2/repository/org/camunda/bpm/model/camunda-xml-model/7.19.0/camunda-xml-model-7.19.0.jar:/Users/matheussantos/.m2/repository/com/fasterxml/jackson/core/jackson-core/2.15.2/jackson-core-2.15.2.jar:/Users/matheussantos/.m2/repository/com/fasterxml/jackson/core/jackson-databind/2.15.2/jackson-databind-2.15.2.jar:/Users/matheussantos/.m2/repository/com/fasterxml/jackson/core/jackson-annotations/2.15.2/jackson-annotations-2.15.2.jar:/Users/matheussantos/.m2/repository/io/camunda/zeebe-gateway-protocol-impl/8.3.0/zeebe-gateway-protocol-impl-8.3.0.jar:/Users/matheussantos/.m2/repository/io/grpc/grpc-protobuf/1.58.0/grpc-protobuf-1.58.0.jar:/Users/matheussantos/.m2/repository/com/google/api/grpc/proto-google-common-protos/2.22.0/proto-google-common-protos-2.22.0.jar:/Users/matheussantos/.m2/repository/io/grpc/grpc-protobuf-lite/1.58.0/grpc-protobuf-lite-1.58.0.jar:/Users/matheussantos/.m2/repository/com/google/guava/guava/32.1.2-jre/guava-32.1.2-jre.jar:/Users/matheussantos/.m2/repository/com/google/guava/failureaccess/1.0.1/failureaccess-1.0.1.jar:/Users/matheussantos/.m2/repository/com/google/guava/listenablefuture/9999.0-empty-to-avoid-conflict-with-guava/listenablefuture-9999.0-empty-to-avoid-conflict-with-guava.jar:/Users/matheussantos/.m2/repository/org/checkerframework/checker-qual/3.33.0/checker-qual-3.33.0.jar:/Users/matheussantos/.m2/repository/com/google/j2objc/j2objc-annotations/2.8/j2objc-annotations-2.8.jar:/Users/matheussantos/.m2/repository/org/slf4j/slf4j-api/2.0.9/slf4j-api-2.0.9.jar:/Users/matheussantos/.m2/repository/io/grpc/grpc-stub/1.58.0/grpc-stub-1.58.0.jar:/Users/matheussantos/.m2/repository/com/google/errorprone/error_prone_annotations/2.20.0/error_prone_annotations-2.20.0.jar:/Users/matheussantos/.m2/repository/io/grpc/grpc-core/1.58.0/grpc-core-1.58.0.jar:/Users/matheussantos/.m2/repository/com/google/code/gson/gson/2.10.1/gson-2.10.1.jar:/Users/matheussantos/.m2/repository/com/google/android/annotations/4.1.1.4/annotations-4.1.1.4.jar:/Users/matheussantos/.m2/repository/org/codehaus/mojo/animal-sniffer-annotations/1.23/animal-sniffer-annotations-1.23.jar:/Users/matheussantos/.m2/repository/io/perfmark/perfmark-api/0.26.0/perfmark-api-0.26.0.jar:/Users/matheussantos/.m2/repository/io/grpc/grpc-context/1.58.0/grpc-context-1.58.0.jar:/Users/matheussantos/.m2/repository/io/grpc/grpc-api/1.58.0/grpc-api-1.58.0.jar:/Users/matheussantos/.m2/repository/com/google/code/findbugs/jsr305/3.0.2/jsr305-3.0.2.jar:/Users/matheussantos/.m2/repository/io/grpc/grpc-netty/1.58.0/grpc-netty-1.58.0.jar:/Users/matheussantos/.m2/repository/io/netty/netty-codec-http2/4.1.93.Final/netty-codec-http2-4.1.93.Final.jar:/Users/matheussantos/.m2/repository/io/netty/netty-codec-http/4.1.93.Final/netty-codec-http-4.1.93.Final.jar:/Users/matheussantos/.m2/repository/io/netty/netty-handler-proxy/4.1.93.Final/netty-handler-proxy-4.1.93.Final.jar:/Users/matheussantos/.m2/repository/io/netty/netty-codec-socks/4.1.93.Final/netty-codec-socks-4.1.93.Final.jar:/Users/matheussantos/.m2/repository/io/netty/netty-transport-native-unix-common/4.1.93.Final/netty-transport-native-unix-common-4.1.93.Final.jar:/Users/matheussantos/.m2/repository/io/grpc/grpc-util/1.58.0/grpc-util-1.58.0.jar:/Users/matheussantos/.m2/repository/com/google/protobuf/protobuf-java/3.24.3/protobuf-java-3.24.3.jar:/Users/matheussantos/.m2/repository/io/netty/netty-tcnative-boringssl-static/2.0.61.Final/netty-tcnative-boringssl-static-2.0.61.Final.jar:/Users/matheussantos/.m2/repository/io/netty/netty-tcnative-classes/2.0.61.Final/netty-tcnative-classes-2.0.61.Final.jar:/Users/matheussantos/.m2/repository/io/netty/netty-tcnative-boringssl-static/2.0.61.Final/netty-tcnative-boringssl-static-2.0.61.Final-linux-x86_64.jar:/Users/matheussantos/.m2/repository/io/netty/netty-tcnative-boringssl-static/2.0.61.Final/netty-tcnative-boringssl-static-2.0.61.Final-linux-aarch_64.jar:/Users/matheussantos/.m2/repository/io/netty/netty-tcnative-boringssl-static/2.0.61.Final/netty-tcnative-boringssl-static-2.0.61.Final-osx-x86_64.jar:/Users/matheussantos/.m2/repository/io/netty/netty-tcnative-boringssl-static/2.0.61.Final/netty-tcnative-boringssl-static-2.0.61.Final-osx-aarch_64.jar:/Users/matheussantos/.m2/repository/io/netty/netty-tcnative-boringssl-static/2.0.61.Final/netty-tcnative-boringssl-static-2.0.61.Final-windows-x86_64.jar:/Users/matheussantos/.m2/repository/io/netty/netty-handler/4.1.98.Final/netty-handler-4.1.98.Final.jar:/Users/matheussantos/.m2/repository/io/netty/netty-resolver/4.1.98.Final/netty-resolver-4.1.98.Final.jar:/Users/matheussantos/.m2/repository/io/netty/netty-buffer/4.1.98.Final/netty-buffer-4.1.98.Final.jar:/Users/matheussantos/.m2/repository/io/netty/netty-transport/4.1.98.Final/netty-transport-4.1.98.Final.jar:/Users/matheussantos/.m2/repository/io/netty/netty-codec/4.1.98.Final/netty-codec-4.1.98.Final.jar:/Users/matheussantos/.m2/repository/io/netty/netty-common/4.1.98.Final/netty-common-4.1.98.Final.jar:/Users/matheussantos/.m2/repository/com/fasterxml/jackson/dataformat/jackson-dataformat-yaml/2.15.2/jackson-dataformat-yaml-2.15.2.jar:/Users/matheussantos/.m2/repository/org/yaml/snakeyaml/2.0/snakeyaml-2.0.jar:"/>
    <property name="sun.cpu.endian" value="little"/>
    <property name="user.home" value="/Users/matheussantos"/>
    <property name="user.language" value="pt"/>
    <property name="java.specification.vendor" value="Oracle Corporation"/>
    <property name="java.version.date" value="2024-01-16"/>
    <property name="java.home" value="/opt/homebrew/Cellar/openjdk/21.0.2/libexec/openjdk.jdk/Contents/Home"/>
    <property name="file.separator" value="/"/>
    <property name="basedir" value="/Users/matheussantos/Desktop/Estudos/Notes/Camunda/c8-getting-started-microservice-orchestration-lab"/>
    <property name="java.vm.compressedOopsMode" value="Zero based"/>
    <property name="line.separator" value="&#10;"/>
    <property name="java.vm.specification.vendor" value="Oracle Corporation"/>
    <property name="java.specification.name" value="Java Platform API Specification"/>
    <property name="apple.awt.application.name" value="ForkedBooter"/>
    <property name="surefire.real.class.path" value="/Users/matheussantos/Desktop/Estudos/Notes/Camunda/c8-getting-started-microservice-orchestration-lab/target/surefire/surefirebooter11806800416717693799.jar"/>
    <property name="sun.management.compiler" value="HotSpot 64-Bit Tiered Compilers"/>
    <property name="ftp.nonProxyHosts" value="local|*.local|169.254/16|*.169.254/16"/>
    <property name="java.runtime.version" value="21.0.2"/>
    <property name="user.name" value="matheussantos"/>
    <property name="stdout.encoding" value="UTF-8"/>
    <property name="path.separator" value=":"/>
    <property name="os.version" value="14.2"/>
    <property name="java.runtime.name" value="OpenJDK Runtime Environment"/>
    <property name="file.encoding" value="UTF-8"/>
    <property name="java.vm.name" value="OpenJDK 64-Bit Server VM"/>
    <property name="java.vendor.version" value="Homebrew"/>
    <property name="localRepository" value="/Users/matheussantos/.m2/repository"/>
    <property name="java.vendor.url.bug" value="https://github.com/Homebrew/homebrew-core/issues"/>
    <property name="java.io.tmpdir" value="/var/folders/g9/j4p32bj955z78ynxfbsd79440000gn/T/"/>
    <property name="java.version" value="21.0.2"/>
    <property name="user.dir" value="/Users/matheussantos/Desktop/Estudos/Notes/Camunda/c8-getting-started-microservice-orchestration-lab"/>
    <property name="os.arch" value="aarch64"/>
    <property name="java.vm.specification.name" value="Java Virtual Machine Specification"/>
    <property name="native.encoding" value="UTF-8"/>
    <property name="java.library.path" value="/Users/matheussantos/Library/Java/Extensions:/Library/Java/Extensions:/Network/Library/Java/Extensions:/System/Library/Java/Extensions:/usr/lib/java:."/>
    <property name="java.vm.info" value="mixed mode, sharing"/>
    <property name="stderr.encoding" value="UTF-8"/>
    <property name="java.vendor" value="Homebrew"/>
    <property name="java.vm.version" value="21.0.2"/>
    <property name="sun.io.unicode.encoding" value="UnicodeBig"/>
    <property name="socksNonProxyHosts" value="local|*.local|169.254/16|*.169.254/16"/>
    <property name="java.class.version" value="65.0"/>
  </properties>
  <testcase name="shouldAnswerWithTrue" classname="com.camunda.academy.AppTest" time="0.003"/>
</testsuite>